GradleDemo/app/doc/manifest-merger-yst1-debug-report.txt
-- Merging decision tree log ---
manifest
ADDED from src\main\AndroidManifest.xml:2:1-22:12
	package
		ADDED from src\main\AndroidManifest.xml:2:11-34
		INJECTED from src\main\AndroidManifest.xml
		INJECTED from src\main\AndroidManifestYst1.xml
	android:versionName
		INJECTED from src\main\AndroidManifest.xml
		ADDED from src\main\AndroidManifest.xml:2:1-22:12
		INJECTED from src\main\AndroidManifestYst1.xml
	xmlns:android
		ADDED from src\main\AndroidManifest.xml:3:11-69
	android:versionCode
		INJECTED from src\main\AndroidManifest.xml
		ADDED from src\main\AndroidManifest.xml:2:1-22:12
		INJECTED from src\main\AndroidManifestYst1.xml
application
ADDED from src\main\AndroidManifest.xml:5:5-20:19
MERGED from src\main\AndroidManifest.xml:5:5-20:19
MERGED from [GradleDemo:klib:unspecified:release] AndroidManifest.xml:11:5-16:19
MERGED from [GradleDemo:klib:unspecified:debug] AndroidManifest.xml:11:5-16:19
	android:label
		ADDED from src\main\AndroidManifest.xml:8:9-29
		REJECTED from src\main\AndroidManifest.xml:8:9-29
	android:supportsRtl
		ADDED from src\main\AndroidManifest.xml:9:9-35
		ADDED from src\main\AndroidManifest.xml:9:9-35
	android:allowBackup
		ADDED from src\main\AndroidManifest.xml:6:9-35
		ADDED from src\main\AndroidManifest.xml:6:9-35
	android:icon
		ADDED from src\main\AndroidManifest.xml:7:9-45
		REJECTED from src\main\AndroidManifest.xml:7:9-45
	android:theme
		ADDED from src\main\AndroidManifest.xml:10:9-67
		ADDED from src\main\AndroidManifest.xml:10:9-67
activity#k.demo.gradle.activity.DemoActivity
ADDED from src\main\AndroidManifest.xml:11:9-16:20
	android:name
		ADDED from src\main\AndroidManifest.xml:11:19-56
intent-filter#android.intent.action.MAIN+android.intent.category.LAUNCHER
ADDED from src\main\AndroidManifest.xml:12:13-15:29
action#android.intent.action.MAIN
ADDED from src\main\AndroidManifest.xml:13:17-69
	android:name
		ADDED from src\main\AndroidManifest.xml:13:25-66
category#android.intent.category.LAUNCHER
ADDED from src\main\AndroidManifest.xml:14:17-77
	android:name
		ADDED from src\main\AndroidManifest.xml:14:27-74
uses-sdk
INJECTED from src\main\AndroidManifest.xml reason: use-sdk injection requested
MERGED from [GradleDemo:klib:unspecified:release] AndroidManifest.xml:7:5-9:41
MERGED from [GradleDemo:klib:unspecified:debug] AndroidManifest.xml:7:5-9:41
	android:targetSdkVersion
		INJECTED from src\main\AndroidManifest.xml
		INJECTED from src\main\AndroidManifestYst1.xml
	android:minSdkVersion
		INJECTED from src\main\AndroidManifest.xml
		INJECTED from src\main\AndroidManifestYst1.xml
activity#k.klib.demo.KlibActivity
ADDED from [GradleDemo:klib:unspecified:release] AndroidManifest.xml:14:9-15:20
MERGED from [GradleDemo:klib:unspecified:debug] AndroidManifest.xml:14:9-15:20
	android:name
		ADDED from [GradleDemo:klib:unspecified:release] AndroidManifest.xml:14:19-58